Loading required package: Matrix
Loading required package: Matrix

Attaching package: 'lmerTest'


Attaching package: 'lmerTest'

The following object is masked from 'package:lme4':

    lmer

The following object is masked from 'package:stats':

    step

The following object is masked from 'package:lme4':

    lmer

The following object is masked from 'package:stats':

    step


Attaching package: 'dplyr'

The following objects are masked from 'package:stats':

    filter, lag

The following objects are masked from 'package:base':

    intersect, setdiff, setequal, union


Attaching package: 'dplyr'

The following objects are masked from 'package:stats':

    filter, lag

The following objects are masked from 'package:base':

    intersect, setdiff, setequal, union

Loading required package: foreach
Loading required package: foreach
Loading required package: iterators
Loading required package: iterators
Loading required package: parallel
Loading required package: parallel
